# JRE version: OpenJDK Runtime Environment Corretto-21.0.6.7.1 (21.0.6+7) (build 21.0.6+7-LTS)
# Java VM: OpenJDK 64-Bit Server VM Corretto-21.0.6.7.1 (21.0.6+7-LTS, mixed mode, sharing, tiered, compressed oops, compressed class ptrs, g1 gc, windows-amd64)
GC Precious Log:
 CardTable entry size: 512
 Card Set container configuration: InlinePtr #cards 4 size 8 Array Of Cards #cards 16 size 48 Howl #buckets 8 coarsen threshold 3686 Howl Bitmap #cards 512 size 80 coarsen threshold 460 Card regions per heap region 1 cards per card region 4096
 CPUs: 12 total, 12 available
 Memory: 16087M
 Large Page Support: Disabled
 NUMA Support: Disabled
 Compressed Oops: Enabled (Zero based)
 Heap Region Size: 2M
 Heap Min Capacity: 8M
 Heap Initial Capacity: 252M
 Heap Max Capacity: 4022M
 Pre-touch: Disabled
 Parallel Workers: 10
 Concurrent Workers: 3
 Concurrent Refinement Workers: 10
 Periodic GC: Disabled
Heap:
 garbage-first heap   total 225280K, used 160417K [0x0000000704a00000, 0x0000000800000000)
  region size 2048K, 47 young (96256K), 5 survivors (10240K)
 Metaspace       used 40963K, committed 41664K, reserved 1114112K
  class space    used 4462K, committed 4800K, reserved 1048576K
GC Heap History (20 events):
Event: 7.556 GC heap before
{Heap before GC invocations=8 (full 0):
 garbage-first heap   total 114688K, used 92962K [0x0000000704a00000, 0x0000000800000000)
  region size 2048K, 23 young (47104K), 2 survivors (4096K)
 Metaspace       used 30897K, committed 31424K, reserved 1114112K
  class space    used 3392K, committed 3648K, reserved 1048576K
}
Event: 7.563 GC heap after
{Heap after GC invocations=9 (full 0):
 garbage-first heap   total 114688K, used 53080K [0x0000000704a00000, 0x0000000800000000)
  region size 2048K, 2 young (4096K), 2 survivors (4096K)
 Metaspace       used 30897K, committed 31424K, reserved 1114112K
  class space    used 3392K, committed 3648K, reserved 1048576K
}
Event: 7.830 GC heap before
{Heap before GC invocations=9 (full 0):
 garbage-first heap   total 114688K, used 98136K [0x0000000704a00000, 0x0000000800000000)
  region size 2048K, 24 young (49152K), 2 survivors (4096K)
 Metaspace       used 31209K, committed 31744K, reserved 1114112K
  class space    used 3427K, committed 3648K, reserved 1048576K
}
Event: 7.840 GC heap after
{Heap after GC invocations=10 (full 0):
 garbage-first heap   total 114688K, used 55074K [0x0000000704a00000, 0x0000000800000000)
  region size 2048K, 2 young (4096K), 2 survivors (4096K)
 Metaspace       used 31209K, committed 31744K, reserved 1114112K
  class space    used 3427K, committed 3648K, reserved 1048576K
}
Event: 7.954 GC heap before
{Heap before GC invocations=10 (full 0):
 garbage-first heap   total 114688K, used 98082K [0x0000000704a00000, 0x0000000800000000)
  region size 2048K, 23 young (47104K), 2 survivors (4096K)
 Metaspace       used 31302K, committed 31808K, reserved 1114112K
  class space    used 3431K, committed 3648K, reserved 1048576K
}
Event: 7.960 GC heap after
{Heap after GC invocations=11 (full 0):
 garbage-first heap   total 145408K, used 57523K [0x0000000704a00000, 0x0000000800000000)
  region size 2048K, 3 young (6144K), 3 survivors (6144K)
 Metaspace       used 31302K, committed 31808K, reserved 1114112K
  class space    used 3431K, committed 3648K, reserved 1048576K
}
Event: 8.135 GC heap before
{Heap before GC invocations=12 (full 0):
 garbage-first heap   total 145408K, used 125107K [0x0000000704a00000, 0x0000000800000000)
  region size 2048K, 36 young (73728K), 3 survivors (6144K)
 Metaspace       used 31365K, committed 31936K, reserved 1114112K
  class space    used 3432K, committed 3712K, reserved 1048576K
}
Event: 8.142 GC heap after
{Heap after GC invocations=13 (full 0):
 garbage-first heap   total 145408K, used 59431K [0x0000000704a00000, 0x0000000800000000)
  region size 2048K, 4 young (8192K), 4 survivors (8192K)
 Metaspace       used 31365K, committed 31936K, reserved 1114112K
  class space    used 3432K, committed 3712K, reserved 1048576K
}
Event: 8.302 GC heap before
{Heap before GC invocations=13 (full 0):
 garbage-first heap   total 145408K, used 124967K [0x0000000704a00000, 0x0000000800000000)
  region size 2048K, 36 young (73728K), 4 survivors (8192K)
 Metaspace       used 31481K, committed 32064K, reserved 1114112K
  class space    used 3437K, committed 3712K, reserved 1048576K
}
Event: 8.314 GC heap after
{Heap after GC invocations=14 (full 0):
 garbage-first heap   total 145408K, used 59365K [0x0000000704a00000, 0x0000000800000000)
  region size 2048K, 4 young (8192K), 4 survivors (8192K)
 Metaspace       used 31481K, committed 32064K, reserved 1114112K
  class space    used 3437K, committed 3712K, reserved 1048576K
}
Event: 8.464 GC heap before
{Heap before GC invocations=14 (full 0):
 garbage-first heap   total 145408K, used 124901K [0x0000000704a00000, 0x0000000800000000)
  region size 2048K, 36 young (73728K), 4 survivors (8192K)
 Metaspace       used 31562K, committed 32128K, reserved 1114112K
  class space    used 3438K, committed 3712K, reserved 1048576K
}
Event: 8.471 GC heap after
{Heap after GC invocations=15 (full 0):
 garbage-first heap   total 145408K, used 59733K [0x0000000704a00000, 0x0000000800000000)
  region size 2048K, 3 young (6144K), 3 survivors (6144K)
 Metaspace       used 31562K, committed 32128K, reserved 1114112K
  class space    used 3438K, committed 3712K, reserved 1048576K
}
Event: 8.607 GC heap before
{Heap before GC invocations=15 (full 0):
 garbage-first heap   total 145408K, used 127317K [0x0000000704a00000, 0x0000000800000000)
  region size 2048K, 36 young (73728K), 3 survivors (6144K)
 Metaspace       used 31619K, committed 32192K, reserved 1114112K
  class space    used 3438K, committed 3712K, reserved 1048576K
}
Event: 8.614 GC heap after
{Heap after GC invocations=16 (full 0):
 garbage-first heap   total 145408K, used 59796K [0x0000000704a00000, 0x0000000800000000)
  region size 2048K, 3 young (6144K), 3 survivors (6144K)
 Metaspace       used 31619K, committed 32192K, reserved 1114112K
  class space    used 3438K, committed 3712K, reserved 1048576K
}
Event: 8.752 GC heap before
{Heap before GC invocations=16 (full 0):
 garbage-first heap   total 145408K, used 127380K [0x0000000704a00000, 0x0000000800000000)
  region size 2048K, 36 young (73728K), 3 survivors (6144K)
 Metaspace       used 31677K, committed 32192K, reserved 1114112K
  class space    used 3445K, committed 3712K, reserved 1048576K
}
Event: 8.760 GC heap after
{Heap after GC invocations=17 (full 0):
 garbage-first heap   total 225280K, used 59701K [0x0000000704a00000, 0x0000000800000000)
  region size 2048K, 3 young (6144K), 3 survivors (6144K)
 Metaspace       used 31677K, committed 32192K, reserved 1114112K
  class space    used 3445K, committed 3712K, reserved 1048576K
}
Event: 11.432 GC heap before
{Heap before GC invocations=17 (full 0):
 garbage-first heap   total 225280K, used 188725K [0x0000000704a00000, 0x0000000800000000)
  region size 2048K, 66 young (135168K), 3 survivors (6144K)
 Metaspace       used 34411K, committed 35008K, reserved 1114112K
  class space    used 3702K, committed 3968K, reserved 1048576K
}
Event: 11.447 GC heap after
{Heap after GC invocations=18 (full 0):
 garbage-first heap   total 225280K, used 75456K [0x0000000704a00000, 0x0000000800000000)
  region size 2048K, 9 young (18432K), 9 survivors (18432K)
 Metaspace       used 34411K, committed 35008K, reserved 1114112K
  class space    used 3702K, committed 3968K, reserved 1048576K
}
Event: 12.842 GC heap before
{Heap before GC invocations=18 (full 0):
 garbage-first heap   total 225280K, used 192192K [0x0000000704a00000, 0x0000000800000000)
  region size 2048K, 66 young (135168K), 9 survivors (18432K)
 Metaspace       used 38895K, committed 39616K, reserved 1114112K
  class space    used 4222K, committed 4544K, reserved 1048576K
}
Event: 12.852 GC heap after
{Heap after GC invocations=19 (full 0):
 garbage-first heap   total 225280K, used 78497K [0x0000000704a00000, 0x0000000800000000)
  region size 2048K, 5 young (10240K), 5 survivors (10240K)
 Metaspace       used 38895K, committed 39616K, reserved 1114112K
  class space    used 4222K, committed 4544K, reserved 1048576K
}

